[vo/x11] Warning: this legacy VO has bad performance. Consider fixing your graphics drivers, or not forcing the x11 VO.
● Video  --vid=1  --vlang=eng  (h264 1080x1920 25 fps) [default]
● Audio  --aid=1  --alang=eng  (aac 2ch 48000 Hz 317 kbps) [default]
[autorotate] Inserting rotation filter.
AO: [pipewire] 48000Hz stereo 2ch floatp
VO: [x11] 1920x1080 yuv420p
AV: 00:00:00 / 00:01:32 (0%) A-V:  0.000
AV: 00:00:00 / 00:01:32 (0%) A-V: -0.040
AV: 00:00:00 / 00:01:32 (0%) A-V: -0.036
AV: 00:00:00 / 00:01:32 (0%) A-V: -0.032
AV: 00:00:00 / 00:01:32 (0%) A-V: -0.029
AV: 00:00:00 / 00:01:32 (0%) A-V: -0.026
AV: 00:00:00 / 00:01:32 (0%) A-V: -0.024
AV: 00:00:00 / 00:01:32 (0%) A-V: -0.021
AV: 00:00:00 / 00:01:32 (0%) A-V: -0.019
AV: 00:00:00 / 00:01:32 (0%) A-V: -0.014
AV: 00:00:00 / 00:01:32 (0%) A-V: -0.015
AV: 00:00:00 / 00:01:32 (0%) A-V: -0.014
AV: 00:00:00 / 00:01:32 (1%) A-V: -0.013
AV: 00:00:00 / 00:01:32 (1%) A-V: -0.003
AV: 00:00:00 / 00:01:32 (1%) A-V:  0.021
AV: 00:00:00 / 00:01:32 (1%) A-V:  0.038
AV: 00:00:00 / 00:01:32 (1%) A-V:  0.028 Dropped: 1
AV: 00:00:00 / 00:01:32 (1%) A-V:  0.022 Dropped: 1
AV: 00:00:00 / 00:01:32 (1%) A-V:  0.015 Dropped: 1
AV: 00:00:00 / 00:01:32 (1%) A-V:  0.022 Dropped: 1
AV: 00:00:00 / 00:01:32 (1%) A-V:  0.042 Dropped: 1
AV: 00:00:00 / 00:01:32 (1%) A-V:  0.045 Dropped: 2
AV: 00:00:00 / 00:01:32 (1%) A-V:  0.053 Dropped: 3
AV: 00:00:00 / 00:01:32 (1%) A-V:  0.051 Dropped: 3
AV: 00:00:00 / 00:01:32 (1%) A-V:  0.036 Dropped: 4
AV: 00:00:01 / 00:01:32 (1%) A-V:  0.031 Dropped: 4
AV: 00:00:01 / 00:01:32 (1%) A-V:  0.024 Dropped: 4
AV: 00:00:01 / 00:01:32 (1%) A-V:  0.047 Dropped: 4
AV: 00:00:01 / 00:01:32 (1%) A-V:  0.056 Dropped: 5
AV: 00:00:01 / 00:01:32 (1%) A-V:  0.067 Dropped: 6
AV: 00:00:01 / 00:01:32 (1%) A-V:  0.076 Dropped: 6
AV: 00:00:01 / 00:01:32 (1%) A-V:  0.067 Dropped: 7
AV: 00:00:01 / 00:01:32 (1%) A-V:  0.076 Dropped: 8
AV: 00:00:01 / 00:01:32 (1%) A-V:  0.088 Dropped: 8
AV: 00:00:01 / 00:01:32 (1%) A-V:  0.096 Dropped: 9
AV: 00:00:01 / 00:01:32 (2%) A-V:  0.103 Dropped: 10
AV: 00:00:01 / 00:01:32 (2%) A-V:  0.085 Dropped: 10
AV: 00:00:01 / 00:01:32 (2%) A-V:  0.069 Dropped: 11
AV: 00:00:01 / 00:01:32 (2%) A-V:  0.054 Dropped: 12
AV: 00:00:01 / 00:01:32 (2%) A-V:  0.033 Dropped: 13
AV: 00:00:01 / 00:01:32 (2%) A-V:  0.048 Dropped: 13
AV: 00:00:01 / 00:01:32 (2%) A-V:  0.042 Dropped: 14
AV: 00:00:01 / 00:01:32 (2%) A-V:  0.049 Dropped: 15
AV: 00:00:01 / 00:01:32 (2%) A-V:  0.060 Dropped: 15
AV: 00:00:01 / 00:01:32 (2%) A-V:  0.055 Dropped: 16
AV: 00:00:01 / 00:01:32 (2%) A-V:  0.062 Dropped: 17
AV: 00:00:01 / 00:01:32 (2%) A-V:  0.077 Dropped: 17
AV: 00:00:01 / 00:01:32 (2%) A-V:  0.089 Dropped: 18
AV: 00:00:01 / 00:01:32 (2%) A-V:  0.094 Dropped: 19
AV: 00:00:02 / 00:01:32 (2%) A-V:  0.079 Dropped: 19
AV: 00:00:02 / 00:01:32 (2%) A-V:  0.065 Dropped: 20
AV: 00:00:02 / 00:01:32 (2%) A-V:  0.070 Dropped: 21
AV: 00:00:02 / 00:01:32 (2%) A-V:  0.071 Dropped: 22
AV: 00:00:02 / 00:01:32 (2%) A-V:  0.064 Dropped: 22
AV: 00:00:02 / 00:01:32 (2%) A-V:  0.050 Dropped: 23
AV: 00:00:02 / 00:01:32 (2%) A-V:  0.033 Dropped: 24
AV: 00:00:02 / 00:01:32 (2%) A-V:  0.020 Dropped: 24
AV: 00:00:02 / 00:01:32 (2%) A-V:  0.029 Dropped: 24
AV: 00:00:02 / 00:01:32 (3%) A-V:  0.052 Dropped: 24
AV: 00:00:02 / 00:01:32 (3%) A-V:  0.065 Dropped: 25
AV: 00:00:02 / 00:01:32 (3%) A-V:  0.069 Dropped: 26
AV: 00:00:02 / 00:01:32 (3%) A-V:  0.059 Dropped: 26
AV: 00:00:02 / 00:01:32 (3%) A-V:  0.049 Dropped: 27
AV: 00:00:02 / 00:01:32 (3%) A-V:  0.057 Dropped: 28
AV: 00:00:02 / 00:01:32 (3%) A-V:  0.063 Dropped: 29
AV: 00:00:02 / 00:01:32 (3%) A-V:  0.054 Dropped: 29
AV: 00:00:02 / 00:01:32 (3%) A-V:  0.040 Dropped: 30
AV: 00:00:02 / 00:01:32 (3%) A-V:  0.022 Dropped: 31
AV: 00:00:02 / 00:01:32 (3%) A-V:  0.010 Dropped: 31
AV: 00:00:02 / 00:01:32 (3%) A-V:  0.002 Dropped: 31
AV: 00:00:02 / 00:01:32 (3%) A-V:  0.013 Dropped: 31
AV: 00:00:02 / 00:01:32 (3%) A-V:  0.032 Dropped: 31
AV: 00:00:02 / 00:01:32 (3%) A-V:  0.052 Dropped: 31
AV: 00:00:02 / 00:01:32 (3%) A-V:  0.064 Dropped: 32
AV: 00:00:03 / 00:01:32 (3%) A-V:  0.046 Dropped: 33
AV: 00:00:03 / 00:01:32 (3%) A-V:  0.035 Dropped: 33
AV: 00:00:03 / 00:01:32 (3%) A-V:  0.029 Dropped: 33
[vo/x11] can't keep up! Waiting for XShm completion events...
AV: 00:00:03 / 00:01:32 (3%) A-V:  0.029 Dropped: 33
AV: 00:00:03 / 00:01:32 (3%) A-V:  0.036 Dropped: 33
AV: 00:00:03 / 00:01:32 (3%) A-V:  0.061 Dropped: 33
AV: 00:00:03 / 00:01:32 (3%) A-V:  0.046 Dropped: 34
AV: 00:00:03 / 00:01:32 (3%) A-V:  0.028 Dropped: 35
AV: 00:00:03 / 00:01:32 (4%) A-V:  0.013 Dropped: 35
AV: 00:00:03 / 00:01:32 (4%) A-V:  0.012 Dropped: 35
AV: 00:00:03 / 00:01:32 (4%) A-V:  0.040 Dropped: 35
AV: 00:00:03 / 00:01:32 (4%) A-V:  0.036 Dropped: 36
AV: 00:00:03 / 00:01:32 (4%) A-V:  0.025 Dropped: 36
AV: 00:00:03 / 00:01:32 (4%) A-V:  0.017 Dropped: 36
AV: 00:00:03 / 00:01:32 (4%) A-V:  0.012 Dropped: 36
AV: 00:00:03 / 00:01:32 (4%) A-V:  0.030 Dropped: 36
AV: 00:00:03 / 00:01:32 (4%) A-V:  0.038 Dropped: 36
AV: 00:00:03 / 00:01:32 (4%) A-V:  0.022 Dropped: 37
AV: 00:00:03 / 00:01:32 (4%) A-V:  0.011 Dropped: 37
AV: 00:00:03 / 00:01:32 (4%) A-V:  0.004 Dropped: 37
AV: 00:00:03 / 00:01:32 (4%) A-V:  0.003 Dropped: 37
AV: 00:00:03 / 00:01:32 (4%) A-V:  0.000 Dropped: 37
AV: 00:00:03 / 00:01:32 (4%) A-V:  0.021 Dropped: 37
AV: 00:00:03 / 00:01:32 (4%) A-V:  0.016 Dropped: 37
AV: 00:00:04 / 00:01:32 (4%) A-V:  0.008 Dropped: 37
AV: 00:00:04 / 00:01:32 (4%) A-V:  0.000 Dropped: 37
AV: 00:00:04 / 00:01:32 (4%) A-V:  0.005 Dropped: 37
AV: 00:00:04 / 00:01:32 (4%) A-V:  0.028 Dropped: 37
AV: 00:00:04 / 00:01:32 (4%) A-V:  0.021 Dropped: 37
AV: 00:00:04 / 00:01:32 (5%) A-V:  0.018 Dropped: 37
AV: 00:00:04 / 00:01:32 (5%) A-V:  0.011 Dropped: 37
AV: 00:00:04 / 00:01:32 (5%) A-V:  0.032 Dropped: 37
AV: 00:00:04 / 00:01:32 (5%) A-V:  0.042 Dropped: 37
AV: 00:00:04 / 00:01:32 (5%) A-V:  0.025 Dropped: 38
AV: 00:00:04 / 00:01:32 (5%) A-V:  0.016 Dropped: 38
AV: 00:00:04 / 00:01:32 (5%) A-V:  0.014 Dropped: 38
AV: 00:00:04 / 00:01:32 (5%) A-V:  0.034 Dropped: 38
AV: 00:00:04 / 00:01:32 (5%) A-V:  0.051 Dropped: 38
AV: 00:00:04 / 00:01:32 (5%) A-V:  0.033 Dropped: 39
AV: 00:00:04 / 00:01:32 (5%) A-V:  0.019 Dropped: 39
AV: 00:00:04 / 00:01:32 (5%) A-V:  0.010 Dropped: 39
AV: 00:00:04 / 00:01:32 (5%) A-V:  0.021 Dropped: 39
AV: 00:00:04 / 00:01:32 (5%) A-V:  0.036 Dropped: 39
AV: 00:00:04 / 00:01:32 (5%) A-V:  0.034 Dropped: 39
AV: 00:00:04 / 00:01:32 (5%) A-V:  0.022 Dropped: 39
AV: 00:00:04 / 00:01:32 (5%) A-V:  0.015 Dropped: 39
AV: 00:00:04 / 00:01:32 (5%) A-V:  0.020 Dropped: 39
AV: 00:00:04 / 00:01:32 (5%) A-V:  0.045 Dropped: 39
AV: 00:00:04 / 00:01:32 (5%) A-V:  0.060 Dropped: 40
AV: 00:00:05 / 00:01:32 (5%) A-V:  0.059 Dropped: 41
AV: 00:00:05 / 00:01:32 (5%) A-V:  0.050 Dropped: 41
AV: 00:00:05 / 00:01:32 (5%) A-V:  0.043 Dropped: 42
AV: 00:00:05 / 00:01:32 (6%) A-V:  0.024 Dropped: 43
AV: 00:00:05 / 00:01:32 (6%) A-V:  0.012 Dropped: 43
AV: 00:00:05 / 00:01:32 (6%) A-V:  0.006 Dropped: 43
AV: 00:00:05 / 00:01:32 (6%) A-V:  0.010 Dropped: 43
AV: 00:00:05 / 00:01:32 (6%) A-V:  0.028 Dropped: 43
AV: 00:00:05 / 00:01:32 (6%) A-V:  0.025 Dropped: 43
AV: 00:00:05 / 00:01:32 (6%) A-V:  0.016 Dropped: 43
AV: 00:00:05 / 00:01:32 (6%) A-V:  0.006 Dropped: 43
AV: 00:00:05 / 00:01:32 (6%) A-V:  0.009 Dropped: 43
AV: 00:00:05 / 00:01:32 (6%) A-V:  0.023 Dropped: 43
AV: 00:00:05 / 00:01:32 (6%) A-V:  0.053 Dropped: 43
AV: 00:00:05 / 00:01:32 (6%) A-V:  0.060 Dropped: 44
AV: 00:00:05 / 00:01:32 (6%) A-V:  0.044 Dropped: 45
AV: 00:00:05 / 00:01:32 (6%) A-V:  0.028 Dropped: 45
AV: 00:00:05 / 00:01:32 (6%) A-V:  0.023 Dropped: 45
AV: 00:00:05 / 00:01:32 (6%) A-V:  0.013 Dropped: 45
AV: 00:00:05 / 00:01:32 (6%) A-V:  0.035 Dropped: 45
AV: 00:00:05 / 00:01:32 (6%) A-V:  0.055 Dropped: 45
AV: 00:00:05 / 00:01:32 (6%) A-V:  0.038 Dropped: 46
AV: 00:00:05 / 00:01:32 (6%) A-V:  0.025 Dropped: 46
AV: 00:00:05 / 00:01:32 (6%) A-V:  0.023 Dropped: 46
AV: 00:00:05 / 00:01:32 (6%) A-V:  0.033 Dropped: 46
AV: 00:00:06 / 00:01:32 (6%) A-V:  0.052 Dropped: 46
AV: 00:00:06 / 00:01:32 (7%) A-V:  0.046 Dropped: 47
AV: 00:00:06 / 00:01:32 (7%) A-V:  0.026 Dropped: 48
AV: 00:00:06 / 00:01:32 (7%) A-V:  0.012 Dropped: 48
AV: 00:00:06 / 00:01:32 (7%) A-V:  0.004 Dropped: 48
AV: 00:00:06 / 00:01:32 (7%) A-V:  0.029 Dropped: 48
AV: 00:00:06 / 00:01:32 (7%) A-V:  0.048 Dropped: 48
AV: 00:00:06 / 00:01:32 (7%) A-V:  0.057 Dropped: 49
AV: 00:00:06 / 00:01:32 (7%) A-V:  0.056 Dropped: 50
AV: 00:00:06 / 00:01:32 (7%) A-V:  0.040 Dropped: 50
AV: 00:00:06 / 00:01:32 (7%) A-V:  0.024 Dropped: 51
AV: 00:00:06 / 00:01:32 (7%) A-V:  0.012 Dropped: 51
AV: 00:00:06 / 00:01:32 (7%) A-V:  0.040 Dropped: 51
AV: 00:00:06 / 00:01:32 (7%) A-V:  0.059 Dropped: 51
AV: 00:00:06 / 00:01:32 (7%) A-V:  0.069 Dropped: 52
AV: 00:00:06 / 00:01:32 (7%) A-V:  0.054 Dropped: 53
AV: 00:00:06 / 00:01:32 (7%) A-V:  0.039 Dropped: 53
AV: 00:00:06 / 00:01:32 (7%) A-V:  0.021 Dropped: 54
AV: 00:00:06 / 00:01:32 (7%) A-V:  0.015 Dropped: 54
AV: 00:00:06 / 00:01:32 (7%) A-V:  0.033 Dropped: 54
AV: 00:00:06 / 00:01:32 (7%) A-V:  0.051 Dropped: 54
AV: 00:00:06 / 00:01:32 (7%) A-V:  0.037 Dropped: 55
AV: 00:00:06 / 00:01:32 (7%) A-V:  0.022 Dropped: 55
AV: 00:00:06 / 00:01:32 (7%) A-V:  0.015 Dropped: 55
AV: 00:00:07 / 00:01:32 (8%) A-V:  0.037 Dropped: 55
AV: 00:00:07 / 00:01:32 (8%) A-V:  0.049 Dropped: 55
AV: 00:00:07 / 00:01:32 (8%) A-V:  0.032 Dropped: 56
AV: 00:00:07 / 00:01:32 (8%) A-V:  0.022 Dropped: 56
AV: 00:00:07 / 00:01:32 (8%) A-V:  0.017 Dropped: 56
AV: 00:00:07 / 00:01:32 (8%) A-V:  0.040 Dropped: 56
AV: 00:00:07 / 00:01:32 (8%) A-V:  0.051 Dropped: 57
AV: 00:00:07 / 00:01:32 (8%) A-V:  0.031 Dropped: 58
AV: 00:00:07 / 00:01:32 (8%) A-V:  0.015 Dropped: 58
AV: 00:00:07 / 00:01:32 (8%) A-V:  0.011 Dropped: 58
AV: 00:00:07 / 00:01:32 (8%) A-V:  0.006 Dropped: 58
AV: 00:00:07 / 00:01:32 (8%) A-V:  0.031 Dropped: 58
AV: 00:00:07 / 00:01:32 (8%) A-V:  0.056 Dropped: 58
AV: 00:00:07 / 00:01:32 (8%) A-V:  0.064 Dropped: 59
AV: 00:00:07 / 00:01:32 (8%) A-V:  0.054 Dropped: 60
AV: 00:00:07 / 00:01:32 (8%) A-V:  0.038 Dropped: 60
AV: 00:00:07 / 00:01:32 (8%) A-V:  0.031 Dropped: 60
AV: 00:00:07 / 00:01:32 (8%) A-V:  0.019 Dropped: 60
AV: 00:00:07 / 00:01:32 (8%) A-V:  0.049 Dropped: 60
AV: 00:00:07 / 00:01:32 (8%) A-V:  0.057 Dropped: 61
AV: 00:00:07 / 00:01:32 (8%) A-V:  0.061 Dropped: 62
AV: 00:00:07 / 00:01:32 (8%) A-V:  0.047 Dropped: 62
AV: 00:00:07 / 00:01:32 (8%) A-V:  0.030 Dropped: 63
AV: 00:00:07 / 00:01:32 (9%) A-V:  0.022 Dropped: 63
AV: 00:00:07 / 00:01:32 (9%) A-V:  0.013 Dropped: 63
AV: 00:00:08 / 00:01:32 (9%) A-V:  0.043 Dropped: 63
AV: 00:00:08 / 00:01:32 (9%) A-V:  0.053 Dropped: 64
AV: 00:00:08 / 00:01:32 (9%) A-V:  0.056 Dropped: 65
AV: 00:00:08 / 00:01:32 (9%) A-V:  0.059 Dropped: 65
AV: 00:00:08 / 00:01:32 (9%) A-V:  0.058 Dropped: 66
AV: 00:00:08 / 00:01:32 (9%) A-V:  0.067 Dropped: 67
AV: 00:00:08 / 00:01:32 (9%) A-V:  0.074 Dropped: 67
AV: 00:00:08 / 00:01:32 (9%) A-V:  0.057 Dropped: 68
AV: 00:00:08 / 00:01:32 (9%) A-V:  0.045 Dropped: 69
AV: 00:00:08 / 00:01:32 (9%) A-V:  0.025 Dropped: 70
AV: 00:00:08 / 00:01:32 (9%) A-V:  0.010 Dropped: 70
AV: 00:00:08 / 00:01:32 (9%) A-V:  0.045 Dropped: 70
AV: 00:00:08 / 00:01:32 (9%) A-V:  0.058 Dropped: 71
AV: 00:00:08 / 00:01:32 (9%) A-V:  0.061 Dropped: 72
AV: 00:00:08 / 00:01:32 (9%) A-V:  0.062 Dropped: 72
AV: 00:00:08 / 00:01:32 (9%) A-V:  0.051 Dropped: 73
AV: 00:00:08 / 00:01:32 (9%) A-V:  0.039 Dropped: 74
AV: 00:00:08 / 00:01:32 (9%) A-V:  0.029 Dropped: 74
AV: 00:00:08 / 00:01:32 (9%) A-V:  0.022 Dropped: 74
AV: 00:00:08 / 00:01:32 (9%) A-V:  0.050 Dropped: 74
AV: 00:00:08 / 00:01:32 (9%) A-V:  0.059 Dropped: 75
AV: 00:00:08 / 00:01:32 (10%) A-V:  0.069 Dropped: 76
AV: 00:00:08 / 00:01:32 (10%) A-V:  0.079 Dropped: 76
AV: 00:00:08 / 00:01:32 (10%) A-V:  0.068 Dropped: 77
AV: 00:00:08 / 00:01:32 (10%) A-V:  0.053 Dropped: 78
AV: 00:00:09 / 00:01:32 (10%) A-V:  0.033 Dropped: 79
AV: 00:00:09 / 00:01:32 (10%) A-V:  0.018 Dropped: 79
AV: 00:00:09 / 00:01:32 (10%) A-V:  0.014 Dropped: 79
AV: 00:00:09 / 00:01:32 (10%) A-V:  0.036 Dropped: 79
AV: 00:00:09 / 00:01:32 (10%) A-V:  0.054 Dropped: 80
AV: 00:00:09 / 00:01:32 (10%) A-V:  0.064 Dropped: 81
AV: 00:00:09 / 00:01:32 (10%) A-V:  0.057 Dropped: 81
AV: 00:00:09 / 00:01:32 (10%) A-V:  0.047 Dropped: 82
AV: 00:00:09 / 00:01:32 (10%) A-V:  0.034 Dropped: 83
AV: 00:00:09 / 00:01:32 (10%) A-V:  0.023 Dropped: 83
AV: 00:00:09 / 00:01:32 (10%) A-V:  0.019 Dropped: 83
AV: 00:00:09 / 00:01:32 (10%) A-V:  0.044 Dropped: 83
AV: 00:00:09 / 00:01:32 (10%) A-V:  0.054 Dropped: 84
AV: 00:00:09 / 00:01:32 (10%) A-V:  0.034 Dropped: 85
AV: 00:00:09 / 00:01:32 (10%) A-V:  0.023 Dropped: 85
AV: 00:00:09 / 00:01:32 (10%) A-V:  0.019 Dropped: 85
AV: 00:00:09 / 00:01:32 (10%) A-V:  0.038 Dropped: 85
AV: 00:00:09 / 00:01:32 (10%) A-V:  0.053 Dropped: 85
AV: 00:00:09 / 00:01:32 (10%) A-V:  0.045 Dropped: 86
AV: 00:00:09 / 00:01:32 (11%) A-V:  0.032 Dropped: 87
AV: 00:00:09 / 00:01:32 (11%) A-V:  0.049 Dropped: 87
AV: 00:00:09 / 00:01:32 (11%) A-V:  0.048 Dropped: 88
AV: 00:00:09 / 00:01:32 (11%) A-V:  0.065 Dropped: 89
AV: 00:00:09 / 00:01:32 (11%) A-V:  0.079 Dropped: 89
AV: 00:00:09 / 00:01:32 (11%) A-V:  0.087 Dropped: 90
AV: 00:00:10 / 00:01:32 (11%) A-V:  0.097 Dropped: 91
AV: 00:00:10 / 00:01:32 (11%) A-V:  0.103 Dropped: 91
AV: 00:00:10 / 00:01:32 (11%) A-V:  0.090 Dropped: 92
AV: 00:00:10 / 00:01:32 (11%) A-V:  0.100 Dropped: 93
AV: 00:00:10 / 00:01:32 (11%) A-V:  0.112 Dropped: 93
AV: 00:00:10 / 00:01:32 (11%) A-V:  0.132 Dropped: 94
AV: 00:00:10 / 00:01:32 (11%) A-V:  0.135 Dropped: 95
AV: 00:00:10 / 00:01:32 (11%) A-V:  0.120 Dropped: 95
AV: 00:00:10 / 00:01:32 (11%) A-V:  0.108 Dropped: 96
AV: 00:00:10 / 00:01:32 (11%) A-V:  0.096 Dropped: 97
AV: 00:00:10 / 00:01:32 (11%) A-V:  0.074 Dropped: 98
AV: 00:00:10 / 00:01:32 (11%) A-V:  0.055 Dropped: 99
AV: 00:00:10 / 00:01:32 (11%) A-V:  0.041 Dropped: 99
AV: 00:00:10 / 00:01:32 (11%) A-V:  0.048 Dropped: 100
AV: 00:00:10 / 00:01:32 (11%) A-V:  0.060 Dropped: 101
AV: 00:00:10 / 00:01:32 (11%) A-V:  0.047 Dropped: 101
AV: 00:00:10 / 00:01:32 (11%) A-V:  0.028 Dropped: 102
AV: 00:00:10 / 00:01:32 (11%) A-V:  0.015 Dropped: 102
AV: 00:00:10 / 00:01:32 (12%) A-V:  0.007 Dropped: 102
AV: 00:00:10 / 00:01:32 (12%) A-V:  0.028 Dropped: 102
AV: 00:00:10 / 00:01:32 (12%) A-V:  0.059 Dropped: 102
AV: 00:00:10 / 00:01:32 (12%) A-V:  0.076 Dropped: 103
AV: 00:00:10 / 00:01:32 (12%) A-V:  0.080 Dropped: 104
AV: 00:00:10 / 00:01:32 (12%) A-V:  0.076 Dropped: 104
AV: 00:00:10 / 00:01:32 (12%) A-V:  0.063 Dropped: 105
AV: 00:00:11 / 00:01:32 (12%) A-V:  0.046 Dropped: 106
AV: 00:00:11 / 00:01:32 (12%) A-V:  0.030 Dropped: 107
AV: 00:00:11 / 00:01:32 (12%) A-V:  0.015 Dropped: 107
AV: 00:00:11 / 00:01:32 (12%) A-V:  0.013 Dropped: 107
AV: 00:00:11 / 00:01:32 (12%) A-V:  0.043 Dropped: 107
AV: 00:00:11 / 00:01:32 (12%) A-V:  0.035 Dropped: 108
AV: 00:00:11 / 00:01:32 (12%) A-V:  0.028 Dropped: 108
AV: 00:00:11 / 00:01:32 (12%) A-V:  0.021 Dropped: 108
AV: 00:00:11 / 00:01:32 (12%) A-V:  0.009 Dropped: 108
AV: 00:00:11 / 00:01:32 (12%) A-V:  0.045 Dropped: 108
AV: 00:00:11 / 00:01:32 (12%) A-V:  0.056 Dropped: 109
AV: 00:00:11 / 00:01:32 (12%) A-V:  0.063 Dropped: 110
AV: 00:00:11 / 00:01:32 (12%) A-V:  0.068 Dropped: 110
AV: 00:00:11 / 00:01:32 (12%) A-V:  0.061 Dropped: 111
AV: 00:00:11 / 00:01:32 (12%) A-V:  0.043 Dropped: 112
AV: 00:00:11 / 00:01:32 (12%) A-V:  0.024 Dropped: 113
AV: 00:00:11 / 00:01:32 (13%) A-V:  0.010 Dropped: 113
AV: 00:00:11 / 00:01:32 (13%) A-V:  0.018 Dropped: 113
AV: 00:00:11 / 00:01:32 (13%) A-V:  0.045 Dropped: 113
AV: 00:00:11 / 00:01:32 (13%) A-V:  0.035 Dropped: 114
AV: 00:00:11 / 00:01:32 (13%) A-V:  0.048 Dropped: 114
AV: 00:00:11 / 00:01:32 (13%) A-V:  0.055 Dropped: 115
AV: 00:00:11 / 00:01:32 (13%) A-V:  0.048 Dropped: 116
AV: 00:00:11 / 00:01:32 (13%) A-V:  0.034 Dropped: 116
AV: 00:00:11 / 00:01:32 (13%) A-V:  0.032 Dropped: 116
AV: 00:00:12 / 00:01:32 (13%) A-V:  0.049 Dropped: 116
AV: 00:00:12 / 00:01:32 (13%) A-V:  0.060 Dropped: 117
AV: 00:00:12 / 00:01:32 (13%) A-V:  0.051 Dropped: 118
AV: 00:00:12 / 00:01:32 (13%) A-V:  0.037 Dropped: 118
AV: 00:00:12 / 00:01:32 (13%) A-V:  0.029 Dropped: 118
AV: 00:00:12 / 00:01:32 (13%) A-V:  0.052 Dropped: 118
AV: 00:00:12 / 00:01:32 (13%) A-V:  0.063 Dropped: 119
AV: 00:00:12 / 00:01:32 (13%) A-V:  0.052 Dropped: 120
AV: 00:00:12 / 00:01:32 (13%) A-V:  0.039 Dropped: 120
AV: 00:00:12 / 00:01:32 (13%) A-V:  0.028 Dropped: 120
AV: 00:00:12 / 00:01:32 (13%) A-V:  0.024 Dropped: 120
AV: 00:00:12 / 00:01:32 (13%) A-V:  0.026 Dropped: 120
AV: 00:00:12 / 00:01:32 (13%) A-V:  0.024 Dropped: 120
AV: 00:00:12 / 00:01:32 (13%) A-V:  0.053 Dropped: 120
AV: 00:00:12 / 00:01:32 (14%) A-V:  0.064 Dropped: 121
AV: 00:00:12 / 00:01:32 (14%) A-V:  0.068 Dropped: 122
AV: 00:00:12 / 00:01:32 (14%) A-V:  0.076 Dropped: 122
AV: 00:00:12 / 00:01:32 (14%) A-V:  0.064 Dropped: 123
AV: 00:00:12 / 00:01:32 (14%) A-V:  0.045 Dropped: 124
AV: 00:00:12 / 00:01:32 (14%) A-V:  0.027 Dropped: 125
AV: 00:00:12 / 00:01:32 (14%) A-V:  0.012 Dropped: 125
AV: 00:00:12 / 00:01:32 (14%) A-V:  0.011 Dropped: 125
AV: 00:00:12 / 00:01:32 (14%) A-V:  0.015 Dropped: 125
AV: 00:00:12 / 00:01:32 (14%) A-V:  0.024 Dropped: 125
AV: 00:00:12 / 00:01:32 (14%) A-V:  0.019 Dropped: 125
AV: 00:00:13 / 00:01:32 (14%) A-V:  0.020 Dropped: 125
AV: 00:00:13 / 00:01:32 (14%) A-V:  0.040 Dropped: 125
AV: 00:00:13 / 00:01:32 (14%) A-V:  0.047 Dropped: 126
AV: 00:00:13 / 00:01:32 (14%) A-V:  0.034 Dropped: 127
AV: 00:00:13 / 00:01:32 (14%) A-V:  0.019 Dropped: 127
AV: 00:00:13 / 00:01:32 (14%) A-V:  0.011 Dropped: 127
AV: 00:00:13 / 00:01:32 (14%) A-V:  0.029 Dropped: 127
AV: 00:00:13 / 00:01:32 (14%) A-V:  0.055 Dropped: 127
AV: 00:00:13 / 00:01:32 (14%) A-V:  0.040 Dropped: 128
AV: 00:00:13 / 00:01:32 (14%) A-V:  0.034 Dropped: 128
AV: 00:00:13 / 00:01:32 (14%) A-V:  0.027 Dropped: 128
AV: 00:00:13 / 00:01:32 (14%) A-V:  0.046 Dropped: 128
AV: 00:00:13 / 00:01:32 (15%) A-V:  0.061 Dropped: 129
AV: 00:00:13 / 00:01:32 (15%) A-V:  0.045 Dropped: 130
AV: 00:00:13 / 00:01:32 (15%) A-V:  0.030 Dropped: 130
AV: 00:00:13 / 00:01:32 (15%) A-V:  0.025 Dropped: 130
AV: 00:00:13 / 00:01:32 (15%) A-V:  0.032 Dropped: 130
AV: 00:00:13 / 00:01:32 (15%) A-V:  0.063 Dropped: 130
AV: 00:00:13 / 00:01:32 (15%) A-V:  0.047 Dropped: 131
AV: 00:00:13 / 00:01:32 (15%) A-V:  0.028 Dropped: 132
AV: 00:00:13 / 00:01:32 (15%) A-V:  0.037 Dropped: 132
AV: 00:00:13 / 00:01:32 (15%) A-V:  0.030 Dropped: 132
AV: 00:00:13 / 00:01:32 (15%) A-V:  0.032 Dropped: 132
AV: 00:00:13 / 00:01:32 (15%) A-V:  0.033 Dropped: 132
AV: 00:00:14 / 00:01:32 (15%) A-V:  0.060 Dropped: 133
AV: 00:00:14 / 00:01:32 (15%) A-V:  0.055 Dropped: 134
AV: 00:00:14 / 00:01:32 (15%) A-V:  0.045 Dropped: 134
AV: 00:00:14 / 00:01:32 (15%) A-V:  0.033 Dropped: 135
AV: 00:00:14 / 00:01:32 (15%) A-V:  0.020 Dropped: 135
AV: 00:00:14 / 00:01:32 (15%) A-V:  0.054 Dropped: 135
AV: 00:00:14 / 00:01:32 (15%) A-V:  0.061 Dropped: 136
AV: 00:00:14 / 00:01:32 (15%) A-V:  0.063 Dropped: 137
AV: 00:00:14 / 00:01:32 (15%) A-V:  0.083 Dropped: 137
AV: 00:00:14 / 00:01:32 (15%) A-V:  0.076 Dropped: 138
AV: 00:00:14 / 00:01:32 (15%) A-V:  0.059 Dropped: 139
AV: 00:00:14 / 00:01:32 (16%) A-V:  0.040 Dropped: 140
AV: 00:00:14 / 00:01:32 (16%) A-V:  0.024 Dropped: 140
AV: 00:00:14 / 00:01:32 (16%) A-V:  0.023 Dropped: 140
AV: 00:00:14 / 00:01:32 (16%) A-V:  0.047 Dropped: 140
AV: 00:00:14 / 00:01:32 (16%) A-V:  0.047 Dropped: 141
AV: 00:00:14 / 00:01:32 (16%) A-V:  0.028 Dropped: 142
AV: 00:00:14 / 00:01:32 (16%) A-V:  0.012 Dropped: 142
AV: 00:00:14 / 00:01:32 (16%) A-V:  0.011 Dropped: 142
AV: 00:00:14 / 00:01:32 (16%) A-V:  0.035 Dropped: 142
AV: 00:00:14 / 00:01:32 (16%) A-V:  0.062 Dropped: 142
AV: 00:00:14 / 00:01:32 (16%) A-V:  0.071 Dropped: 143
AV: 00:00:14 / 00:01:32 (16%) A-V:  0.070 Dropped: 144
AV: 00:00:14 / 00:01:32 (16%) A-V:  0.055 Dropped: 144
AV: 00:00:14 / 00:01:32 (16%) A-V:  0.038 Dropped: 145
AV: 00:00:15 / 00:01:32 (16%) A-V:  0.028 Dropped: 145
AV: 00:00:15 / 00:01:32 (16%) A-V:  0.032 Dropped: 145
AV: 00:00:15 / 00:01:32 (16%) A-V:  0.058 Dropped: 145
AV: 00:00:15 / 00:01:32 (16%) A-V:  0.047 Dropped: 146
AV: 00:00:15 / 00:01:32 (16%) A-V:  0.031 Dropped: 147
AV: 00:00:15 / 00:01:32 (16%) A-V:  0.017 Dropped: 147
AV: 00:00:15 / 00:01:32 (16%) A-V:  0.021 Dropped: 147
AV: 00:00:15 / 00:01:32 (16%) A-V:  0.055 Dropped: 147
AV: 00:00:15 / 00:01:32 (16%) A-V:  0.050 Dropped: 148
AV: 00:00:15 / 00:01:32 (17%) A-V:  0.035 Dropped: 149
AV: 00:00:15 / 00:01:32 (17%) A-V:  0.024 Dropped: 149
AV: 00:00:15 / 00:01:32 (17%) A-V:  0.017 Dropped: 149
AV: 00:00:15 / 00:01:32 (17%) A-V:  0.046 Dropped: 149
AV: 00:00:15 / 00:01:32 (17%) A-V:  0.047 Dropped: 150
AV: 00:00:15 / 00:01:32 (17%) A-V:  0.034 Dropped: 151
AV: 00:00:15 / 00:01:32 (17%) A-V:  0.023 Dropped: 151
AV: 00:00:15 / 00:01:32 (17%) A-V:  0.016 Dropped: 151
AV: 00:00:15 / 00:01:32 (17%) A-V:  0.048 Dropped: 151
AV: 00:00:15 / 00:01:32 (17%) A-V:  0.050 Dropped: 152
AV: 00:00:15 / 00:01:32 (17%) A-V:  0.031 Dropped: 153
AV: 00:00:15 / 00:01:32 (17%) A-V:  0.022 Dropped: 153
AV: 00:00:15 / 00:01:32 (17%) A-V:  0.031 Dropped: 153
AV: 00:00:15 / 00:01:32 (17%) A-V:  0.037 Dropped: 153
AV: 00:00:15 / 00:01:32 (17%) A-V:  0.028 Dropped: 153
AV: 00:00:15 / 00:01:32 (17%) A-V:  0.031 Dropped: 153
AV: 00:00:16 / 00:01:32 (17%) A-V:  0.055 Dropped: 153
AV: 00:00:16 / 00:01:32 (17%) A-V:  0.070 Dropped: 154
AV: 00:00:16 / 00:01:32 (17%) A-V:  0.079 Dropped: 155
AV: 00:00:16 / 00:01:32 (17%) A-V:  0.071 Dropped: 155
AV: 00:00:16 / 00:01:32 (17%) A-V:  0.063 Dropped: 156
AV: 00:00:16 / 00:01:32 (17%) A-V:  0.044 Dropped: 157
AV: 00:00:16 / 00:01:32 (17%) A-V:  0.026 Dropped: 158
AV: 00:00:16 / 00:01:32 (18%) A-V:  0.011 Dropped: 158
AV: 00:00:16 / 00:01:32 (18%) A-V:  0.015 Dropped: 158
AV: 00:00:16 / 00:01:32 (18%) A-V:  0.042 Dropped: 158
AV: 00:00:16 / 00:01:32 (18%) A-V:  0.036 Dropped: 159
AV: 00:00:16 / 00:01:32 (18%) A-V:  0.028 Dropped: 159
AV: 00:00:16 / 00:01:32 (18%) A-V:  0.031 Dropped: 159
AV: 00:00:16 / 00:01:32 (18%) A-V:  0.043 Dropped: 159
AV: 00:00:16 / 00:01:32 (18%) A-V:  0.050 Dropped: 160
AV: 00:00:16 / 00:01:32 (18%) A-V:  0.063 Dropped: 161
AV: 00:00:16 / 00:01:32 (18%) A-V:  0.072 Dropped: 161
AV: 00:00:16 / 00:01:32 (18%) A-V:  0.074 Dropped: 162
AV: 00:00:16 / 00:01:32 (18%) A-V:  0.082 Dropped: 163
AV: 00:00:16 / 00:01:32 (18%) A-V:  0.086 Dropped: 163
AV: 00:00:16 / 00:01:32 (18%) A-V:  0.068 Dropped: 164
AV: 00:00:16 / 00:01:32 (18%) A-V:  0.054 Dropped: 165
AV: 00:00:16 / 00:01:32 (18%) A-V:  0.036 Dropped: 166
AV: 00:00:16 / 00:01:32 (18%) A-V:  0.022 Dropped: 166
AV: 00:00:16 / 00:01:32 (18%) A-V:  0.045 Dropped: 166
AV: 00:00:17 / 00:01:32 (18%) A-V:  0.050 Dropped: 167
AV: 00:00:17 / 00:01:32 (18%) A-V:  0.030 Dropped: 168
AV: 00:00:17 / 00:01:32 (18%) A-V:  0.017 Dropped: 168
AV: 00:00:17 / 00:01:32 (18%) A-V:  0.010 Dropped: 168
AV: 00:00:17 / 00:01:32 (18%) A-V:  0.021 Dropped: 168
AV: 00:00:17 / 00:01:32 (19%) A-V:  0.052 Dropped: 168
AV: 00:00:17 / 00:01:32 (19%) A-V:  0.065 Dropped: 169
AV: 00:00:17 / 00:01:32 (19%) A-V:  0.067 Dropped: 170
AV: 00:00:17 / 00:01:32 (19%) A-V:  0.054 Dropped: 170
AV: 00:00:17 / 00:01:32 (19%) A-V:  0.050 Dropped: 171
AV: 00:00:17 / 00:01:32 (19%) A-V:  0.065 Dropped: 172
AV: 00:00:17 / 00:01:32 (19%) A-V:  0.078 Dropped: 172
AV: 00:00:17 / 00:01:32 (19%) A-V:  0.071 Dropped: 173
AV: 00:00:17 / 00:01:32 (19%) A-V:  0.083 Dropped: 174
AV: 00:00:17 / 00:01:32 (19%) A-V:  0.089 Dropped: 174
AV: 00:00:17 / 00:01:32 (19%) A-V:  0.071 Dropped: 175
AV: 00:00:17 / 00:01:32 (19%) A-V:  0.057 Dropped: 176
AV: 00:00:17 / 00:01:32 (19%) A-V:  0.038 Dropped: 177
AV: 00:00:17 / 00:01:32 (19%) A-V:  0.024 Dropped: 177
AV: 00:00:17 / 00:01:32 (19%) A-V:  0.054 Dropped: 177
AV: 00:00:17 / 00:01:32 (19%) A-V:  0.047 Dropped: 178
AV: 00:00:17 / 00:01:32 (19%) A-V:  0.029 Dropped: 179
AV: 00:00:17 / 00:01:32 (19%) A-V:  0.013 Dropped: 179
AV: 00:00:17 / 00:01:32 (19%) A-V:  0.004 Dropped: 179
AV: 00:00:17 / 00:01:32 (19%) A-V:  0.030 Dropped: 179
AV: 00:00:18 / 00:01:32 (19%) A-V:  0.054 Dropped: 179
AV: 00:00:18 / 00:01:32 (19%) A-V:  0.071 Dropped: 180
AV: 00:00:18 / 00:01:32 (19%) A-V:  0.065 Dropped: 181
AV: 00:00:18 / 00:01:32 (20%) A-V:  0.054 Dropped: 181
AV: 00:00:18 / 00:01:32 (20%) A-V:  0.039 Dropped: 182
AV: 00:00:18 / 00:01:32 (20%) A-V:  0.034 Dropped: 182
AV: 00:00:18 / 00:01:32 (20%) A-V:  0.060 Dropped: 182
AV: 00:00:18 / 00:01:32 (20%) A-V:  0.066 Dropped: 183
AV: 00:00:18 / 00:01:32 (20%) A-V:  0.046 Dropped: 184
AV: 00:00:18 / 00:01:32 (20%) A-V:  0.026 Dropped: 185
AV: 00:00:18 / 00:01:32 (20%) A-V:  0.015 Dropped: 185
AV: 00:00:18 / 00:01:32 (20%) A-V:  0.007 Dropped: 185
AV: 00:00:18 / 00:01:32 (20%) A-V:  0.002 Dropped: 185
AV: 00:00:18 / 00:01:32 (20%) A-V:  0.005 Dropped: 185
AV: 00:00:18 / 00:01:32 (20%) A-V:  0.003 Dropped: 185
AV: 00:00:18 / 00:01:32 (20%) A-V:  0.032 Dropped: 185
AV: 00:00:18 / 00:01:32 (20%) A-V:  0.055 Dropped: 185
AV: 00:00:18 / 00:01:32 (20%) A-V:  0.067 Dropped: 186
AV: 00:00:18 / 00:01:32 (20%) A-V:  0.054 Dropped: 187
AV: 00:00:18 / 00:01:32 (20%) A-V:  0.042 Dropped: 187
AV: 00:00:18 / 00:01:32 (20%) A-V:  0.027 Dropped: 188
AV: 00:00:18 / 00:01:32 (20%) A-V:  0.019 Dropped: 188
AV: 00:00:18 / 00:01:32 (20%) A-V:  0.046 Dropped: 188
AV: 00:00:18 / 00:01:32 (20%) A-V:  0.060 Dropped: 189
AV: 00:00:18 / 00:01:32 (20%) A-V:  0.071 Dropped: 190
AV: 00:00:19 / 00:01:32 (20%) A-V:  0.070 Dropped: 190
AV: 00:00:19 / 00:01:32 (20%) A-V:  0.059 Dropped: 191
AV: 00:00:19 / 00:01:32 (21%) A-V:  0.074 Dropped: 192
AV: 00:00:19 / 00:01:32 (21%) A-V:  0.077 Dropped: 193
AV: 00:00:19 / 00:01:32 (21%) A-V:  0.067 Dropped: 194
AV: 00:00:19 / 00:01:32 (21%) A-V:  0.075 Dropped: 195
AV: 00:00:19 / 00:01:32 (21%) A-V:  0.078 Dropped: 196
AV: 00:00:19 / 00:01:32 (21%) A-V:  0.062 Dropped: 196
AV: 00:00:19 / 00:01:32 (21%) A-V:  0.051 Dropped: 197
AV: 00:00:19 / 00:01:32 (21%) A-V:  0.040 Dropped: 198
AV: 00:00:19 / 00:01:32 (21%) A-V:  0.021 Dropped: 199
AV: 00:00:19 / 00:01:32 (21%) A-V:  0.009 Dropped: 199
AV: 00:00:19 / 00:01:32 (21%) A-V:  0.017 Dropped: 199
AV: 00:00:19 / 00:01:32 (21%) A-V:  0.039 Dropped: 199
AV: 00:00:19 / 00:01:32 (21%) A-V:  0.029 Dropped: 199
AV: 00:00:19 / 00:01:32 (21%) A-V:  0.023 Dropped: 199
AV: 00:00:19 / 00:01:32 (21%) A-V:  0.037 Dropped: 199
AV: 00:00:19 / 00:01:32 (21%) A-V:  0.056 Dropped: 199
AV: 00:00:19 / 00:01:32 (21%) A-V:  0.039 Dropped: 200
AV: 00:00:19 / 00:01:32 (21%) A-V:  0.059 Dropped: 200
AV: 00:00:19 / 00:01:32 (21%) A-V:  0.067 Dropped: 201
AV: 00:00:19 / 00:01:32 (21%) A-V:  0.051 Dropped: 202
AV: 00:00:19 / 00:01:32 (21%) A-V:  0.034 Dropped: 202
AV: 00:00:20 / 00:01:32 (22%) A-V:  0.031 Dropped: 202
AV: 00:00:20 / 00:01:32 (22%) A-V:  0.039 Dropped: 202
AV: 00:00:20 / 00:01:32 (22%) A-V:  0.067 Dropped: 202
AV: 00:00:20 / 00:01:32 (22%) A-V:  0.073 Dropped: 203
AV: 00:00:20 / 00:01:32 (22%) A-V:  0.077 Dropped: 204
AV: 00:00:20 / 00:01:32 (22%) A-V:  0.082 Dropped: 204
AV: 00:00:20 / 00:01:32 (22%) A-V:  0.074 Dropped: 205
AV: 00:00:20 / 00:01:32 (22%) A-V:  0.060 Dropped: 206
AV: 00:00:20 / 00:01:32 (22%) A-V:  0.038 Dropped: 207
AV: 00:00:20 / 00:01:32 (22%) A-V:  0.021 Dropped: 207
AV: 00:00:20 / 00:01:32 (22%) A-V:  0.012 Dropped: 207
AV: 00:00:20 / 00:01:32 (22%) A-V:  0.042 Dropped: 207
AV: 00:00:20 / 00:01:32 (22%) A-V:  0.043 Dropped: 208
AV: 00:00:20 / 00:01:32 (22%) A-V:  0.021 Dropped: 209
AV: 00:00:20 / 00:01:32 (22%) A-V:  0.010 Dropped: 209
AV: 00:00:20 / 00:01:32 (22%) A-V:  0.004 Dropped: 209
AV: 00:00:20 / 00:01:32 (22%) A-V:  0.026 Dropped: 209
AV: 00:00:20 / 00:01:32 (22%) A-V:  0.048 Dropped: 209
AV: 00:00:20 / 00:01:32 (22%) A-V:  0.054 Dropped: 210
AV: 00:00:20 / 00:01:32 (22%) A-V:  0.058 Dropped: 211
AV: 00:00:20 / 00:01:32 (22%) A-V:  0.041 Dropped: 211
AV: 00:00:20 / 00:01:32 (22%) A-V:  0.026 Dropped: 212
AV: 00:00:20 / 00:01:32 (22%) A-V:  0.015 Dropped: 212
AV: 00:00:20 / 00:01:32 (23%) A-V:  0.014 Dropped: 212
AV: 00:00:20 / 00:01:32 (23%) A-V:  0.040 Dropped: 212
AV: 00:00:21 / 00:01:32 (23%) A-V:  0.041 Dropped: 212
AV: 00:00:21 / 00:01:32 (23%) A-V:  0.028 Dropped: 213
AV: 00:00:21 / 00:01:32 (23%) A-V:  0.018 Dropped: 213
AV: 00:00:21 / 00:01:32 (23%) A-V:  0.041 Dropped: 213
AV: 00:00:21 / 00:01:32 (23%) A-V:  0.039 Dropped: 214
AV: 00:00:21 / 00:01:32 (23%) A-V:  0.028 Dropped: 214
AV: 00:00:21 / 00:01:32 (23%) A-V:  0.020 Dropped: 214
AV: 00:00:21 / 00:01:32 (23%) A-V:  0.011 Dropped: 214
AV: 00:00:21 / 00:01:32 (23%) A-V:  0.046 Dropped: 214
AV: 00:00:21 / 00:01:32 (23%) A-V:  0.042 Dropped: 215
AV: 00:00:21 / 00:01:32 (23%) A-V:  0.023 Dropped: 216
AV: 00:00:21 / 00:01:32 (23%) A-V:  0.009 Dropped: 216
AV: 00:00:21 / 00:01:32 (23%) A-V:  0.001 Dropped: 216
AV: 00:00:21 / 00:01:32 (23%) A-V:  0.010 Dropped: 216
AV: 00:00:21 / 00:01:32 (23%) A-V:  0.035 Dropped: 216
AV: 00:00:21 / 00:01:32 (23%) A-V:  0.026 Dropped: 216
AV: 00:00:21 / 00:01:32 (23%) A-V:  0.020 Dropped: 216
AV: 00:00:21 / 00:01:32 (23%) A-V:  0.031 Dropped: 216
AV: 00:00:21 / 00:01:32 (23%) A-V:  0.059 Dropped: 216
AV: 00:00:21 / 00:01:32 (24%) A-V:  0.042 Dropped: 217
AV: 00:00:21 / 00:01:32 (24%) A-V:  0.025 Dropped: 218
AV: 00:00:21 / 00:01:32 (24%) A-V:  0.012 Dropped: 218
AV: 00:00:21 / 00:01:32 (24%) A-V:  0.010 Dropped: 218
AV: 00:00:22 / 00:01:32 (24%) A-V:  0.034 Dropped: 218
AV: 00:00:22 / 00:01:32 (24%) A-V:  0.051 Dropped: 218
AV: 00:00:22 / 00:01:32 (24%) A-V:  0.066 Dropped: 219
AV: 00:00:22 / 00:01:32 (24%) A-V:  0.056 Dropped: 220
AV: 00:00:22 / 00:01:32 (24%) A-V:  0.039 Dropped: 220
AV: 00:00:22 / 00:01:32 (24%) A-V:  0.063 Dropped: 220
AV: 00:00:22 / 00:01:32 (24%) A-V:  0.061 Dropped: 221
AV: 00:00:22 / 00:01:32 (24%) A-V:  0.040 Dropped: 222
AV: 00:00:22 / 00:01:32 (24%) A-V:  0.020 Dropped: 223
AV: 00:00:22 / 00:01:32 (24%) A-V:  0.004 Dropped: 223
AV: 00:00:22 / 00:01:32 (24%) A-V:  0.000 Dropped: 223
AV: 00:00:22 / 00:01:32 (24%) A-V:  0.017 Dropped: 223
AV: 00:00:22 / 00:01:32 (24%) A-V:  0.022 Dropped: 223
AV: 00:00:22 / 00:01:32 (24%) A-V:  0.018 Dropped: 223
AV: 00:00:22 / 00:01:32 (24%) A-V:  0.012 Dropped: 223
AV: 00:00:22 / 00:01:32 (24%) A-V:  0.005 Dropped: 223
AV: 00:00:22 / 00:01:32 (24%) A-V:  0.030 Dropped: 223
AV: 00:00:22 / 00:01:32 (24%) A-V:  0.034 Dropped: 223
AV: 00:00:22 / 00:01:32 (24%) A-V:  0.027 Dropped: 223
AV: 00:00:22 / 00:01:32 (25%) A-V:  0.015 Dropped: 223
AV: 00:00:22 / 00:01:32 (25%) A-V:  0.002 Dropped: 223
AV: 00:00:22 / 00:01:32 (25%) A-V:  0.034 Dropped: 223
AV: 00:00:22 / 00:01:32 (25%) A-V:  0.063 Dropped: 223
AV: 00:00:22 / 00:01:32 (25%) A-V:  0.067 Dropped: 224
AV: 00:00:23 / 00:01:32 (25%) A-V:  0.064 Dropped: 224
AV: 00:00:23 / 00:01:32 (25%) A-V:  0.049 Dropped: 225
AV: 00:00:23 / 00:01:32 (25%) A-V:  0.030 Dropped: 226
AV: 00:00:23 / 00:01:32 (25%) A-V:  0.015 Dropped: 226
AV: 00:00:23 / 00:01:32 (25%) A-V:  0.040 Dropped: 226
AV: 00:00:23 / 00:01:32 (25%) A-V:  0.047 Dropped: 227
AV: 00:00:23 / 00:01:32 (25%) A-V:  0.046 Dropped: 228
AV: 00:00:23 / 00:01:32 (25%) A-V:  0.057 Dropped: 228
AV: 00:00:23 / 00:01:32 (25%) A-V:  0.049 Dropped: 229
AV: 00:00:23 / 00:01:32 (25%) A-V:  0.033 Dropped: 230
AV: 00:00:23 / 00:01:32 (25%) A-V:  0.019 Dropped: 230
AV: 00:00:23 / 00:01:32 (25%) A-V:  0.013 Dropped: 230
AV: 00:00:23 / 00:01:32 (25%) A-V:  0.042 Dropped: 230
AV: 00:00:23 / 00:01:32 (25%) A-V:  0.047 Dropped: 231
AV: 00:00:23 / 00:01:32 (25%) A-V:  0.024 Dropped: 232
AV: 00:00:23 / 00:01:32 (25%) A-V:  0.011 Dropped: 232
AV: 00:00:23 / 00:01:32 (25%) A-V:  0.000 Dropped: 232
AV: 00:00:23 / 00:01:32 (25%) A-V:  0.013 Dropped: 232
AV: 00:00:23 / 00:01:32 (26%) A-V:  0.038 Dropped: 232
AV: 00:00:23 / 00:01:32 (26%) A-V:  0.036 Dropped: 232
AV: 00:00:23 / 00:01:32 (26%) A-V:  0.028 Dropped: 232
AV: 00:00:23 / 00:01:32 (26%) A-V:  0.026 Dropped: 232
AV: 00:00:23 / 00:01:32 (26%) A-V:  0.020 Dropped: 232
AV: 00:00:23 / 00:01:32 (26%) A-V:  0.018 Dropped: 232
AV: 00:00:23 / 00:01:32 (26%) A-V:  0.021 Dropped: 232
AV: 00:00:24 / 00:01:32 (26%) A-V:  0.067 Dropped: 232
AV: 00:00:24 / 00:01:32 (26%) A-V:  0.064 Dropped: 233
AV: 00:00:24 / 00:01:32 (26%) A-V:  0.049 Dropped: 234
AV: 00:00:24 / 00:01:32 (26%) A-V:  0.039 Dropped: 235
AV: 00:00:24 / 00:01:32 (26%) A-V:  0.038 Dropped: 235
AV: 00:00:24 / 00:01:32 (26%) A-V:  0.053 Dropped: 235
AV: 00:00:24 / 00:01:32 (26%) A-V:  0.057 Dropped: 236
AV: 00:00:24 / 00:01:32 (26%) A-V:  0.046 Dropped: 237
AV: 00:00:24 / 00:01:32 (26%) A-V:  0.042 Dropped: 238
AV: 00:00:24 / 00:01:32 (26%) A-V:  0.031 Dropped: 238
AV: 00:00:24 / 00:01:32 (26%) A-V:  0.066 Dropped: 238
AV: 00:00:24 / 00:01:32 (26%) A-V:  0.076 Dropped: 239
AV: 00:00:24 / 00:01:32 (26%) A-V:  0.081 Dropped: 240
AV: 00:00:24 / 00:01:32 (26%) A-V:  0.102 Dropped: 240
AV: 00:00:24 / 00:01:32 (26%) A-V:  0.095 Dropped: 241
AV: 00:00:24 / 00:01:32 (26%) A-V:  0.084 Dropped: 242
AV: 00:00:24 / 00:01:32 (27%) A-V:  0.067 Dropped: 243
AV: 00:00:24 / 00:01:32 (27%) A-V:  0.059 Dropped: 243
AV: 00:00:24 / 00:01:32 (27%) A-V:  0.059 Dropped: 244
AV: 00:00:24 / 00:01:32 (27%) A-V:  0.073 Dropped: 245
AV: 00:00:24 / 00:01:32 (27%) A-V:  0.080 Dropped: 245
AV: 00:00:24 / 00:01:32 (27%) A-V:  0.073 Dropped: 246
AV: 00:00:24 / 00:01:32 (27%) A-V:  0.059 Dropped: 247
AV: 00:00:24 / 00:01:32 (27%) A-V:  0.043 Dropped: 248
AV: 00:00:24 / 00:01:32 (27%) A-V:  0.031 Dropped: 248
AV: 00:00:25 / 00:01:32 (27%) A-V:  0.060 Dropped: 248
AV: 00:00:25 / 00:01:32 (27%) A-V:  0.071 Dropped: 249
AV: 00:00:25 / 00:01:32 (27%) A-V:  0.049 Dropped: 250
AV: 00:00:25 / 00:01:32 (27%) A-V:  0.036 Dropped: 250
AV: 00:00:25 / 00:01:32 (27%) A-V:  0.042 Dropped: 250
AV: 00:00:25 / 00:01:32 (27%) A-V:  0.059 Dropped: 251
AV: 00:00:25 / 00:01:32 (27%) A-V:  0.060 Dropped: 252
AV: 00:00:25 / 00:01:32 (27%) A-V:  0.043 Dropped: 252
AV: 00:00:25 / 00:01:32 (27%) A-V:  0.029 Dropped: 253
AV: 00:00:25 / 00:01:32 (27%) A-V:  0.032 Dropped: 253
AV: 00:00:25 / 00:01:32 (27%) A-V:  0.029 Dropped: 253
AV: 00:00:25 / 00:01:32 (27%) A-V:  0.041 Dropped: 253
AV: 00:00:25 / 00:01:32 (27%) A-V:  0.064 Dropped: 254
AV: 00:00:25 / 00:01:32 (27%) A-V:  0.047 Dropped: 255
AV: 00:00:25 / 00:01:32 (28%) A-V:  0.030 Dropped: 255
AV: 00:00:25 / 00:01:32 (28%) A-V:  0.031 Dropped: 255
AV: 00:00:25 / 00:01:32 (28%) A-V:  0.030 Dropped: 255
AV: 00:00:25 / 00:01:32 (28%) A-V:  0.054 Dropped: 255
AV: 00:00:25 / 00:01:32 (28%) A-V:  0.064 Dropped: 256
AV: 00:00:25 / 00:01:32 (28%) A-V:  0.081 Dropped: 257
AV: 00:00:25 / 00:01:32 (28%) A-V:  0.082 Dropped: 257
AV: 00:00:25 / 00:01:32 (28%) A-V:  0.070 Dropped: 258
AV: 00:00:25 / 00:01:32 (28%) A-V:  0.055 Dropped: 259
AV: 00:00:25 / 00:01:32 (28%) A-V:  0.041 Dropped: 260
AV: 00:00:25 / 00:01:32 (28%) A-V:  0.021 Dropped: 261
AV: 00:00:26 / 00:01:32 (28%) A-V:  0.011 Dropped: 261
AV: 00:00:26 / 00:01:32 (28%) A-V:  0.041 Dropped: 261
AV: 00:00:26 / 00:01:32 (28%) A-V:  0.057 Dropped: 262
AV: 00:00:26 / 00:01:32 (28%) A-V:  0.079 Dropped: 263
AV: 00:00:26 / 00:01:32 (28%) A-V:  0.074 Dropped: 263
AV: 00:00:26 / 00:01:32 (28%) A-V:  0.072 Dropped: 264
AV: 00:00:26 / 00:01:32 (28%) A-V:  0.062 Dropped: 265
AV: 00:00:26 / 00:01:32 (28%) A-V:  0.046 Dropped: 266
AV: 00:00:26 / 00:01:32 (28%) A-V:  0.035 Dropped: 266
AV: 00:00:26 / 00:01:32 (28%) A-V:  0.046 Dropped: 267
AV: 00:00:26 / 00:01:32 (28%) A-V:  0.061 Dropped: 268
AV: 00:00:26 / 00:01:32 (28%) A-V:  0.049 Dropped: 268
AV: 00:00:26 / 00:01:32 (28%) A-V:  0.032 Dropped: 269
AV: 00:00:26 / 00:01:32 (29%) A-V:  0.024 Dropped: 269
AV: 00:00:26 / 00:01:32 (29%) A-V:  0.032 Dropped: 269
AV: 00:00:26 / 00:01:32 (29%) A-V:  0.062 Dropped: 269
AV: 00:00:26 / 00:01:32 (29%) A-V:  0.051 Dropped: 270
AV: 00:00:26 / 00:01:32 (29%) A-V:  0.034 Dropped: 271
AV: 00:00:26 / 00:01:32 (29%) A-V:  0.023 Dropped: 271
AV: 00:00:26 / 00:01:32 (29%) A-V:  0.016 Dropped: 271
AV: 00:00:26 / 00:01:32 (29%) A-V:  0.057 Dropped: 271
AV: 00:00:26 / 00:01:32 (29%) A-V:  0.075 Dropped: 272
AV: 00:00:26 / 00:01:32 (29%) A-V:  0.085 Dropped: 272
AV: 00:00:26 / 00:01:32 (29%) A-V:  0.073 Dropped: 273
AV: 00:00:26 / 00:01:32 (29%) A-V:  0.058 Dropped: 274
AV: 00:00:27 / 00:01:32 (29%) A-V:  0.041 Dropped: 275
AV: 00:00:27 / 00:01:32 (29%) A-V:  0.021 Dropped: 276
AV: 00:00:27 / 00:01:32 (29%) A-V:  0.006 Dropped: 276
AV: 00:00:27 / 00:01:32 (29%) A-V:  0.029 Dropped: 276
AV: 00:00:27 / 00:01:32 (29%) A-V:  0.049 Dropped: 276
AV: 00:00:27 / 00:01:32 (29%) A-V:  0.072 Dropped: 277
AV: 00:00:27 / 00:01:32 (29%) A-V:  0.081 Dropped: 278
AV: 00:00:27 / 00:01:32 (29%) A-V:  0.085 Dropped: 278
AV: 00:00:27 / 00:01:32 (29%) A-V:  0.072 Dropped: 279
AV: 00:00:27 / 00:01:32 (29%) A-V:  0.056 Dropped: 280
AV: 00:00:27 / 00:01:32 (29%) A-V:  0.045 Dropped: 281
AV: 00:00:27 / 00:01:32 (30%) A-V:  0.025 Dropped: 282
AV: 00:00:27 / 00:01:32 (30%) A-V:  0.018 Dropped: 282
AV: 00:00:27 / 00:01:32 (30%) A-V:  0.040 Dropped: 282
AV: 00:00:27 / 00:01:32 (30%) A-V:  0.060 Dropped: 283
AV: 00:00:27 / 00:01:32 (30%) A-V:  0.076 Dropped: 284
AV: 00:00:27 / 00:01:32 (30%) A-V:  0.079 Dropped: 284
AV: 00:00:27 / 00:01:32 (30%) A-V:  0.064 Dropped: 285
AV: 00:00:27 / 00:01:32 (30%) A-V:  0.048 Dropped: 286
AV: 00:00:27 / 00:01:32 (30%) A-V:  0.034 Dropped: 287
AV: 00:00:27 / 00:01:32 (30%) A-V:  0.019 Dropped: 287
AV: 00:00:27 / 00:01:32 (30%) A-V:  0.021 Dropped: 287
AV: 00:00:27 / 00:01:32 (30%) A-V:  0.045 Dropped: 287
AV: 00:00:27 / 00:01:32 (30%) A-V:  0.058 Dropped: 288
AV: 00:00:27 / 00:01:32 (30%) A-V:  0.070 Dropped: 289
AV: 00:00:28 / 00:01:32 (30%) A-V:  0.075 Dropped: 289
AV: 00:00:28 / 00:01:32 (30%) A-V:  0.060 Dropped: 290
AV: 00:00:28 / 00:01:32 (30%) A-V:  0.042 Dropped: 291
AV: 00:00:28 / 00:01:32 (30%) A-V:  0.027 Dropped: 292
AV: 00:00:28 / 00:01:32 (30%) A-V:  0.011 Dropped: 292
AV: 00:00:28 / 00:01:32 (30%) A-V:  0.002 Dropped: 292
AV: 00:00:28 / 00:01:32 (30%) A-V:  0.046 Dropped: 292
AV: 00:00:28 / 00:01:32 (30%) A-V:  0.036 Dropped: 293
AV: 00:00:28 / 00:01:32 (30%) A-V:  0.022 Dropped: 293
AV: 00:00:28 / 00:01:32 (31%) A-V:  0.021 Dropped: 293
AV: 00:00:28 / 00:01:32 (31%) A-V:  0.037 Dropped: 293
AV: 00:00:28 / 00:01:32 (31%) A-V:  0.060 Dropped: 293
AV: 00:00:28 / 00:01:32 (31%) A-V:  0.077 Dropped: 294
AV: 00:00:28 / 00:01:32 (31%) A-V:  0.084 Dropped: 295
AV: 00:00:28 / 00:01:32 (31%) A-V:  0.076 Dropped: 295
AV: 00:00:28 / 00:01:32 (31%) A-V:  0.089 Dropped: 296
AV: 00:00:28 / 00:01:32 (31%) A-V:  0.103 Dropped: 297
AV: 00:00:28 / 00:01:32 (31%) A-V:  0.112 Dropped: 297
AV: 00:00:28 / 00:01:32 (31%) A-V:  0.102 Dropped: 298
AV: 00:00:28 / 00:01:32 (31%) A-V:  0.083 Dropped: 299
AV: 00:00:28 / 00:01:32 (31%) A-V:  0.070 Dropped: 300
AV: 00:00:28 / 00:01:32 (31%) A-V:  0.050 Dropped: 301
AV: 00:00:28 / 00:01:32 (31%) A-V:  0.038 Dropped: 301
AV: 00:00:28 / 00:01:32 (31%) A-V:  0.039 Dropped: 301
AV: 00:00:28 / 00:01:32 (31%) A-V:  0.038 Dropped: 301
AV: 00:00:29 / 00:01:32 (31%) A-V:  0.032 Dropped: 301
AV: 00:00:29 / 00:01:32 (31%) A-V:  0.043 Dropped: 301
AV: 00:00:29 / 00:01:32 (31%) A-V:  0.061 Dropped: 302
AV: 00:00:29 / 00:01:32 (31%) A-V:  0.051 Dropped: 303
AV: 00:00:29 / 00:01:32 (31%) A-V:  0.039 Dropped: 303
AV: 00:00:29 / 00:01:32 (31%) A-V:  0.046 Dropped: 303
AV: 00:00:29 / 00:01:32 (31%) A-V:  0.073 Dropped: 304
AV: 00:00:29 / 00:01:32 (32%) A-V:  0.068 Dropped: 305
AV: 00:00:29 / 00:01:32 (32%) A-V:  0.060 Dropped: 305
AV: 00:00:29 / 00:01:32 (32%) A-V:  0.044 Dropped: 306
AV: 00:00:29 / 00:01:32 (32%) A-V:  0.033 Dropped: 307
AV: 00:00:29 / 00:01:32 (32%) A-V:  0.049 Dropped: 307
AV: 00:00:29 / 00:01:32 (32%) A-V:  0.067 Dropped: 308
AV: 00:00:29 / 00:01:32 (32%) A-V:  0.052 Dropped: 309
AV: 00:00:29 / 00:01:32 (32%) A-V:  0.042 Dropped: 309
AV: 00:00:29 / 00:01:32 (32%) A-V:  0.026 Dropped: 310
AV: 00:00:29 / 00:01:32 (32%) A-V:  0.046 Dropped: 310
AV: 00:00:29 / 00:01:32 (32%) A-V:  0.055 Dropped: 311
AV: 00:00:29 / 00:01:32 (32%) A-V:  0.049 Dropped: 312
AV: 00:00:29 / 00:01:32 (32%) A-V:  0.035 Dropped: 312
AV: 00:00:29 / 00:01:32 (32%) A-V:  0.031 Dropped: 312
AV: 00:00:29 / 00:01:32 (32%) A-V:  0.041 Dropped: 312
AV: 00:00:29 / 00:01:32 (32%) A-V:  0.053 Dropped: 313
AV: 00:00:29 / 00:01:32 (32%) A-V:  0.053 Dropped: 314
AV: 00:00:29 / 00:01:32 (32%) A-V:  0.066 Dropped: 314
AV: 00:00:30 / 00:01:32 (32%) A-V:  0.067 Dropped: 315
AV: 00:00:30 / 00:01:32 (32%) A-V:  0.082 Dropped: 316
AV: 00:00:30 / 00:01:32 (32%) A-V:  0.095 Dropped: 316
AV: 00:00:30 / 00:01:32 (32%) A-V:  0.086 Dropped: 317
AV: 00:00:30 / 00:01:32 (32%) A-V:  0.076 Dropped: 318
AV: 00:00:30 / 00:01:32 (33%) A-V:  0.058 Dropped: 319
AV: 00:00:30 / 00:01:32 (33%) A-V:  0.045 Dropped: 319
AV: 00:00:30 / 00:01:32 (33%) A-V:  0.036 Dropped: 320
AV: 00:00:30 / 00:01:32 (33%) A-V:  0.057 Dropped: 320
AV: 00:00:30 / 00:01:32 (33%) A-V:  0.068 Dropped: 321
AV: 00:00:30 / 00:01:32 (33%) A-V:  0.080 Dropped: 322
AV: 00:00:30 / 00:01:32 (33%) A-V:  0.067 Dropped: 323
AV: 00:00:30 / 00:01:32 (33%) A-V:  0.052 Dropped: 324
AV: 00:00:30 / 00:01:32 (33%) A-V:  0.037 Dropped: 325
AV: 00:00:30 / 00:01:32 (33%) A-V:  0.019 Dropped: 325
AV: 00:00:30 / 00:01:32 (33%) A-V:  0.026 Dropped: 325
AV: 00:00:30 / 00:01:32 (33%) A-V:  0.067 Dropped: 325
AV: 00:00:30 / 00:01:32 (33%) A-V:  0.050 Dropped: 326
AV: 00:00:30 / 00:01:32 (33%) A-V:  0.039 Dropped: 327
AV: 00:00:30 / 00:01:32 (33%) A-V:  0.029 Dropped: 327
AV: 00:00:30 / 00:01:32 (33%) A-V:  0.049 Dropped: 327
AV: 00:00:30 / 00:01:32 (33%) A-V:  0.072 Dropped: 328
AV: 00:00:30 / 00:01:32 (33%) A-V:  0.065 Dropped: 328
AV: 00:00:30 / 00:01:32 (33%) A-V:  0.055 Dropped: 329
AV: 00:00:31 / 00:01:32 (33%) A-V:  0.046 Dropped: 330
AV: 00:00:31 / 00:01:32 (33%) A-V:  0.048 Dropped: 331
AV: 00:00:31 / 00:01:32 (33%) A-V:  0.053 Dropped: 331
AV: 00:00:31 / 00:01:32 (33%) A-V:  0.050 Dropped: 332
AV: 00:00:31 / 00:01:32 (34%) A-V:  0.033 Dropped: 333
AV: 00:00:31 / 00:01:32 (34%) A-V:  0.024 Dropped: 333
AV: 00:00:31 / 00:01:32 (34%) A-V:  0.019 Dropped: 333
AV: 00:00:31 / 00:01:32 (34%) A-V:  0.045 Dropped: 333
AV: 00:00:31 / 00:01:32 (34%) A-V:  0.057 Dropped: 334
AV: 00:00:31 / 00:01:32 (34%) A-V:  0.064 Dropped: 335
AV: 00:00:31 / 00:01:32 (34%) A-V:  0.070 Dropped: 335
AV: 00:00:31 / 00:01:32 (34%) A-V:  0.065 Dropped: 336
AV: 00:00:31 / 00:01:32 (34%) A-V:  0.083 Dropped: 337
AV: 00:00:31 / 00:01:32 (34%) A-V:  0.067 Dropped: 338
AV: 00:00:31 / 00:01:32 (34%) A-V:  0.060 Dropped: 339
AV: 00:00:31 / 00:01:32 (34%) A-V:  0.039 Dropped: 340
AV: 00:00:31 / 00:01:32 (34%) A-V:  0.041 Dropped: 340
AV: 00:00:31 / 00:01:32 (34%) A-V:  0.028 Dropped: 341
AV: 00:00:31 / 00:01:32 (34%) A-V:  0.017 Dropped: 341
AV: 00:00:31 / 00:01:32 (34%) A-V:  0.012 Dropped: 341                                                                                                                                                                                                                                                                                                                                                                                                                                                                                                                                                                                                                                                                                                                                                                                                                                                                                                                                                                                                                                                                                                                                                                                                                                                                                                                                                                                                                                                                                                                                                                                                                                                                                                                                                                                                                                                                                                                                                                                                                                                                                                                                                                          